<?xml version="1.0" encoding="UTF-8"?>
<testng-results ignored="0" total="2" passed="2" failed="0" skipped="0">
  <reporter-output>
  </reporter-output>
  <suite started-at="2022-04-07T22:49:28 IST" name="Default suite" finished-at="2022-04-07T22:50:17 IST" duration-ms="49198">
    <groups>
    </groups>
    <test started-at="2022-04-07T22:49:28 IST" name="Default test" finished-at="2022-04-07T22:50:17 IST" duration-ms="49198">
      <class name="pom.Tests">
        <test-method is-config="true" signature="Web()[pri:0, instance:pom.Tests@5158b42f]" started-at="2022-04-07T22:49:28 IST" name="Web" finished-at="2022-04-07T22:50:07 IST" duration-ms="38686" status="PASS">
          <reporter-output>
          </reporter-output>
        </test-method> <!-- Web -->
        <test-method is-config="true" signature="OpenBrowser()[pri:0, instance:pom.Tests@5158b42f]" started-at="2022-04-07T22:50:07 IST" name="OpenBrowser" finished-at="2022-04-07T22:50:12 IST" duration-ms="4565" status="PASS">
          <reporter-output>
          </reporter-output>
        </test-method> <!-- OpenBrowser -->
        <test-method signature="TC01()[pri:0, instance:pom.Tests@5158b42f]" started-at="2022-04-07T22:50:12 IST" name="TC01" finished-at="2022-04-07T22:50:13 IST" duration-ms="1320" status="PASS">
          <reporter-output>
          </reporter-output>
        </test-method> <!-- TC01 -->
        <test-method is-config="true" signature="Refresh()[pri:0, instance:pom.Tests@5158b42f]" started-at="2022-04-07T22:50:13 IST" name="Refresh" finished-at="2022-04-07T22:50:14 IST" duration-ms="1262" status="PASS">
          <reporter-output>
          </reporter-output>
        </test-method> <!-- Refresh -->
        <test-method is-config="true" signature="OpenBrowser()[pri:0, instance:pom.Tests@5158b42f]" started-at="2022-04-07T22:50:14 IST" name="OpenBrowser" finished-at="2022-04-07T22:50:15 IST" duration-ms="856" status="PASS">
          <reporter-output>
          </reporter-output>
        </test-method> <!-- OpenBrowser -->
        <test-method signature="TC02()[pri:0, instance:pom.Tests@5158b42f]" started-at="2022-04-07T22:50:15 IST" name="TC02" finished-at="2022-04-07T22:50:16 IST" duration-ms="437" status="PASS">
          <reporter-output>
          </reporter-output>
        </test-method> <!-- TC02 -->
        <test-method is-config="true" signature="Refresh()[pri:0, instance:pom.Tests@5158b42f]" started-at="2022-04-07T22:50:16 IST" name="Refresh" finished-at="2022-04-07T22:50:16 IST" duration-ms="802" status="PASS">
          <reporter-output>
          </reporter-output>
        </test-method> <!-- Refresh -->
        <test-method is-config="true" signature="CloseBrowser()[pri:0, instance:pom.Tests@5158b42f]" started-at="2022-04-07T22:50:16 IST" name="CloseBrowser" finished-at="2022-04-07T22:50:17 IST" duration-ms="1128" status="PASS">
          <reporter-output>
          </reporter-output>
        </test-method> <!-- CloseBrowser -->
      </class> <!-- pom.Tests -->
    </test> <!-- Default test -->
  </suite> <!-- Default suite -->
</testng-results>
